[20:00:50] [ServerMain/INFO]: Environment: authHost='https://authserver.mojang.com', accountsHost='https://api.mojang.com', sessionHost='https://sessionserver.mojang.com', servicesHost='https://api.minecraftservices.com', name='PROD'
[20:00:50] [ServerMain/INFO]: Found new data pack file/bukkit, loading it automatically
[20:00:50] [ServerMain/INFO]: Reloading ResourceManager: Default, bukkit
[20:00:51] [Worker-Main-1/INFO]: Loaded 7 recipes
[20:00:52] [Server thread/INFO]: Starting minecraft server version 1.18.1
[20:00:52] [Server thread/INFO]: Loading properties
[20:00:53] [Server thread/INFO]: This server is running Paper version git-Paper-160 (MC: 1.18.1) (Implementing API version 1.18.1-R0.1-SNAPSHOT) (Git: 919e594)
[20:00:53] [Server thread/INFO]: Server Ping Player Sample Count: 12
[20:00:53] [Server thread/INFO]: Using 4 threads for Netty based IO
[20:00:53] [Server thread/INFO]: Default game type: SURVIVAL
[20:00:53] [Server thread/INFO]: Generating keypair
[20:00:53] [Server thread/INFO]: Starting Minecraft server on *:25565
[20:00:53] [Server thread/INFO]: Using default channel type
[20:00:53] [Server thread/INFO]: Paper: Using Java 11 compression from Velocity.
[20:00:53] [Server thread/INFO]: Paper: Using Java cipher from Velocity.
[20:00:53] [Server thread/INFO]: Preparing level "world"
[20:01:02] [Server thread/INFO]: Preparing start region for dimension minecraft:overworld
[20:01:02] [Worker-Main-2/INFO]: Preparing spawn area: 0%
[20:01:02] [Server thread/INFO]: Time elapsed: 430 ms
[20:01:02] [Server thread/INFO]: Preparing start region for dimension minecraft:the_nether
[20:01:02] [Server thread/INFO]: Time elapsed: 354 ms
[20:01:02] [Server thread/INFO]: Preparing start region for dimension minecraft:the_end
[20:01:03] [Server thread/INFO]: Time elapsed: 329 ms
[20:01:03] [Server thread/INFO]: Running delayed init tasks
[20:01:03] [Server thread/INFO]: Done (10.353s)! For help, type "help"
[20:01:03] [Server thread/INFO]: Timings Reset
[20:01:08] [Server thread/INFO]: Stopping the server
[20:01:08] [Server thread/INFO]: Stopping server
[20:01:08] [Server thread/INFO]: Saving players
[20:01:08] [Server thread/INFO]: Saving worlds
[20:01:08] [Server thread/INFO]: Saving chunks for level 'ServerLevel[world]'/minecraft:overworld
[20:01:29] [Server thread/INFO]: Saving chunks for level 'ServerLevel[world_nether]'/minecraft:the_nether
[20:01:44] [Server thread/INFO]: Saving chunks for level 'ServerLevel[world_the_end]'/minecraft:the_end
[20:01:45] [Server thread/INFO]: ThreadedAnvilChunkStorage (world): All chunks are saved
[20:01:45] [Server thread/INFO]: ThreadedAnvilChunkStorage (DIM-1): All chunks are saved
[20:01:45] [Server thread/INFO]: ThreadedAnvilChunkStorage (DIM1): All chunks are saved
[20:01:45] [Server thread/INFO]: ThreadedAnvilChunkStorage: All dimensions are saved
[20:01:45] [Server thread/INFO]: Flushing Chunk IO
[20:01:45] [Server thread/INFO]: Closing Thread Pool
[20:01:45] [Server thread/INFO]: Closing Server
